<?xml version="1.0" encoding="UTF-8"?>
<!-- Generated by org.testng.reporters.JUnitReportReporter -->
<testsuite hostname="Navjot_SW" failures="0" tests="1" name="Scenario2.AdminTestOrangeHRM" time="14.746" errors="0" timestamp="2024-07-16T22:50:32 IST" skipped="0">
  <testcase classname="Scenario2.AdminTestOrangeHRM" name="searchByUserStatus" time="14.746"/>
</testsuite> <!-- Scenario2.AdminTestOrangeHRM -->
