<?xml version="1.0" encoding="UTF-8"?>
<!-- Generated by org.testng.reporters.JUnitReportReporter -->
<testsuite hostname="Navjot_SW" failures="0" tests="1" name="Scenario1.ExcelDataRead" time="0.606" errors="0" timestamp="2024-07-13T14:52:31 IST" skipped="0">
  <testcase classname="Scenario1.ExcelDataRead" name="dataFromFile" time="0.606"/>
</testsuite> <!-- Scenario1.ExcelDataRead -->
