<?xml version="1.0" encoding="UTF-8"?>
<!-- Generated by org.testng.reporters.JUnitReportReporter -->
<testsuite hostname="Navjot_SW" failures="0" tests="2" name="Scenario2.SearchByUsername" time="19.266" errors="0" timestamp="2024-07-15T17:10:13 IST" skipped="0">
  <testcase classname="Scenario2.SearchByUsername" name="testSearchByUsername" time="10.866"/>
  <testcase classname="Scenario2.SearchByUsername" name="countElements" time="8.400"/>
</testsuite> <!-- Scenario2.SearchByUsername -->
