<?xml version="1.0" encoding="UTF-8"?>
<!-- Generated by org.testng.reporters.JUnitReportReporter -->
<testsuite hostname="Navjot_SW" failures="0" tests="2" name="Scenario1.ExtentReportListener" time="0.008" errors="0" timestamp="2024-07-14T11:39:38 IST" skipped="0">
  <testcase classname="Scenario1.ExtentReportListener" name="verifyPageTitle" time="0.006"/>
  <testcase classname="Scenario1.ExtentReportListener" name="verifyPageUrl" time="0.002"/>
</testsuite> <!-- Scenario1.ExtentReportListener -->
